Build started 29-10-2015 13:54:29.
     1>Project "C:\Users\Michael\Documents\Visual Studio 2015\Projects\crawler poging2\DungeonCrawler3\DungeonCrawler3\DungeonCrawler3\DungeonCrawler3.vcxproj" on node 2 (Build target(s)).
     1>ClCompile:
         C:\Program Files (x86)\Microsoft Visual Studio 14.0\VC\bin\x86_amd64\CL.exe /c /ZI /nologo /W3 /WX- /sdl /Od /D _DEBUG /D _CONSOLE /D _UNICODE /D UNICODE /Gm /EHsc /RTC1 /MDd /GS /fp:precise /Zc:wchar_t /Zc:forScope /Zc:inline /Yc"stdafx.h" /Fp"x64\Debug\DungeonCrawler3.pch" /Fo"x64\Debug\\" /Fd"x64\Debug\vc140.pdb" /Gd /TP /errorReport:prompt stdafx.cpp
         stdafx.cpp
         C:\Program Files (x86)\Microsoft Visual Studio 14.0\VC\bin\x86_amd64\CL.exe /c /ZI /nologo /W3 /WX- /sdl /Od /D _DEBUG /D _CONSOLE /D _UNICODE /D UNICODE /Gm /EHsc /RTC1 /MDd /GS /fp:precise /Zc:wchar_t /Zc:forScope /Zc:inline /Yu"stdafx.h" /Fp"x64\Debug\DungeonCrawler3.pch" /Fo"x64\Debug\\" /Fd"x64\Debug\vc140.pdb" /Gd /TP /errorReport:prompt Armour.cpp Corridor.cpp DungeonCrawler3.cpp Enemy.cpp Item.cpp Map.cpp MapRoom.cpp Player.cpp Room.cpp RoomSpecification.cpp Weapon.cpp
         Weapon.cpp
         RoomSpecification.cpp
         Room.cpp
     1>c:\users\michael\documents\visual studio 2015\projects\crawler poging2\dungeoncrawler3\dungeoncrawler3\dungeoncrawler3\corridor.h(11): error C2079: 'Corridor::begin' uses undefined class 'Room'
     1>c:\users\michael\documents\visual studio 2015\projects\crawler poging2\dungeoncrawler3\dungeoncrawler3\dungeoncrawler3\corridor.h(12): error C2079: 'Corridor::end' uses undefined class 'Room'
         Player.cpp
     1>c:\users\michael\documents\visual studio 2015\projects\crawler poging2\dungeoncrawler3\dungeoncrawler3\dungeoncrawler3\corridor.h(11): error C2079: 'Corridor::begin' uses undefined class 'Room'
     1>c:\users\michael\documents\visual studio 2015\projects\crawler poging2\dungeoncrawler3\dungeoncrawler3\dungeoncrawler3\corridor.h(12): error C2079: 'Corridor::end' uses undefined class 'Room'
         MapRoom.cpp
     1>c:\users\michael\documents\visual studio 2015\projects\crawler poging2\dungeoncrawler3\dungeoncrawler3\dungeoncrawler3\corridor.h(11): error C2079: 'Corridor::begin' uses undefined class 'Room'
     1>c:\users\michael\documents\visual studio 2015\projects\crawler poging2\dungeoncrawler3\dungeoncrawler3\dungeoncrawler3\corridor.h(12): error C2079: 'Corridor::end' uses undefined class 'Room'
         Map.cpp
     1>c:\users\michael\documents\visual studio 2015\projects\crawler poging2\dungeoncrawler3\dungeoncrawler3\dungeoncrawler3\corridor.h(11): error C2079: 'Corridor::begin' uses undefined class 'Room'
     1>c:\users\michael\documents\visual studio 2015\projects\crawler poging2\dungeoncrawler3\dungeoncrawler3\dungeoncrawler3\corridor.h(12): error C2079: 'Corridor::end' uses undefined class 'Room'
         Item.cpp
         Enemy.cpp
         DungeonCrawler3.cpp
         Corridor.cpp
         Armour.cpp
         Generating Code...
     1>Done Building Project "C:\Users\Michael\Documents\Visual Studio 2015\Projects\crawler poging2\DungeonCrawler3\DungeonCrawler3\DungeonCrawler3\DungeonCrawler3.vcxproj" (Build target(s)) -- FAILED.

Build FAILED.

Time Elapsed 00:00:06.13
